# JRE version: Java(TM) SE Runtime Environment (8.0_31-b13) (build 1.8.0_31-b13)
# Java VM: Java HotSpot(TM) 64-Bit Server VM (25.31-b07 mixed mode windows-amd64 compressed oops)
Heap:
 PSYoungGen      total 1105408K, used 1008334K [0x000000076ae00000, 0x00000007b5600000, 0x00000007c0000000)
  eden space 1089536K, 92% used [0x000000076ae00000,0x00000007a86b38c8,0x00000007ad600000)
  from space 15872K, 0% used [0x00000007ad600000,0x00000007ad600000,0x00000007ae580000)
  to   space 65536K, 0% used [0x00000007b1600000,0x00000007b1600000,0x00000007b5600000)
 ParOldGen       total 437760K, used 437464K [0x00000006c0a00000, 0x00000006db580000, 0x000000076ae00000)
  object space 437760K, 99% used [0x00000006c0a00000,0x00000006db5362e8,0x00000006db580000)
 Metaspace       used 121240K, capacity 126398K, committed 126616K, reserved 1161216K
  class space    used 13948K, capacity 15426K, committed 15536K, reserved 1048576K
GC Heap History (10 events):
Event: 4717.388 GC heap before
{Heap before GC invocations=76 (full 39):
 PSYoungGen      total 1105408K, used 900578K [0x000000076ae00000, 0x00000007b5600000, 0x00000007c0000000)
  eden space 1089536K, 82% used [0x000000076ae00000,0x00000007a1d788d8,0x00000007ad600000)
  from space 15872K, 0% used [0x00000007ad600000,0x00000007ad600000,0x00000007ae580000)
  to   space 65536K, 0% used [0x00000007b1600000,0x00000007b1600000,0x00000007b5600000)
 ParOldGen       total 437760K, used 412305K [0x00000006c0a00000, 0x00000006db580000, 0x000000076ae00000)
  object space 437760K, 94% used [0x00000006c0a00000,0x00000006d9ca46d0,0x00000006db580000)
 Metaspace       used 116077K, capacity 121060K, committed 121240K, reserved 1155072K
  class space    used 13327K, capacity 14699K, committed 14768K, reserved 1048576K
Event: 4719.715 GC heap after
Heap after GC invocations=76 (full 39):
 PSYoungGen      total 1105408K, used 0K [0x000000076ae00000, 0x00000007b5600000, 0x00000007c0000000)
  eden space 1089536K, 0% used [0x000000076ae00000,0x000000076ae00000,0x00000007ad600000)
  from space 15872K, 0% used [0x00000007ad600000,0x00000007ad600000,0x00000007ae580000)
  to   space 65536K, 0% used [0x00000007b1600000,0x00000007b1600000,0x00000007b5600000)
 ParOldGen       total 437760K, used 422444K [0x00000006c0a00000, 0x00000006db580000, 0x000000076ae00000)
  object space 437760K, 96% used [0x00000006c0a00000,0x00000006da68b238,0x00000006db580000)
 Metaspace       used 116073K, capacity 121054K, committed 121240K, reserved 1155072K
  class space    used 13327K, capacity 14698K, committed 14768K, reserved 1048576K
}
Event: 4745.598 GC heap before
{Heap before GC invocations=77 (full 40):
 PSYoungGen      total 1105408K, used 906664K [0x000000076ae00000, 0x00000007b5600000, 0x00000007c0000000)
  eden space 1089536K, 83% used [0x000000076ae00000,0x00000007a236a108,0x00000007ad600000)
  from space 15872K, 0% used [0x00000007ad600000,0x00000007ad600000,0x00000007ae580000)
  to   space 65536K, 0% used [0x00000007b1600000,0x00000007b1600000,0x00000007b5600000)
 ParOldGen       total 437760K, used 422444K [0x00000006c0a00000, 0x00000006db580000, 0x000000076ae00000)
  object space 437760K, 96% used [0x00000006c0a00000,0x00000006da68b238,0x00000006db580000)
 Metaspace       used 117002K, capacity 121992K, committed 122136K, reserved 1157120K
  class space    used 13449K, capacity 14838K, committed 14896K, reserved 1048576K
Event: 4748.872 GC heap after
Heap after GC invocations=77 (full 40):
 PSYoungGen      total 1105408K, used 0K [0x000000076ae00000, 0x00000007b5600000, 0x00000007c0000000)
  eden space 1089536K, 0% used [0x000000076ae00000,0x000000076ae00000,0x00000007ad600000)
  from space 15872K, 0% used [0x00000007ad600000,0x00000007ad600000,0x00000007ae580000)
  to   space 65536K, 0% used [0x00000007b1600000,0x00000007b1600000,0x00000007b5600000)
 ParOldGen       total 437760K, used 432678K [0x00000006c0a00000, 0x00000006db580000, 0x000000076ae00000)
  object space 437760K, 98% used [0x00000006c0a00000,0x00000006db089b28,0x00000006db580000)
 Metaspace       used 116999K, capacity 121986K, committed 122136K, reserved 1157120K
  class space    used 13448K, capacity 14837K, committed 14896K, reserved 1048576K
}
Event: 4805.180 GC heap before
{Heap before GC invocations=78 (full 41):
 PSYoungGen      total 1105408K, used 925380K [0x000000076ae00000, 0x00000007b5600000, 0x00000007c0000000)
  eden space 1089536K, 84% used [0x000000076ae00000,0x00000007a35b1268,0x00000007ad600000)
  from space 15872K, 0% used [0x00000007ad600000,0x00000007ad600000,0x00000007ae580000)
  to   space 65536K, 0% used [0x00000007b1600000,0x00000007b1600000,0x00000007b5600000)
 ParOldGen       total 437760K, used 432678K [0x00000006c0a00000, 0x00000006db580000, 0x000000076ae00000)
  object space 437760K, 98% used [0x00000006c0a00000,0x00000006db089b28,0x00000006db580000)
 Metaspace       used 117990K, capacity 123020K, committed 123288K, reserved 1157120K
  class space    used 13571K, capacity 15009K, committed 15024K, reserved 1048576K
Event: 4807.087 GC heap after
Heap after GC invocations=78 (full 41):
 PSYoungGen      total 1105408K, used 5075K [0x000000076ae00000, 0x00000007b5600000, 0x00000007c0000000)
  eden space 1089536K, 0% used [0x000000076ae00000,0x000000076b2f4cb8,0x00000007ad600000)
  from space 15872K, 0% used [0x00000007ad600000,0x00000007ad600000,0x00000007ae580000)
  to   space 65536K, 0% used [0x00000007b1600000,0x00000007b1600000,0x00000007b5600000)
 ParOldGen       total 437760K, used 437755K [0x00000006c0a00000, 0x00000006db580000, 0x000000076ae00000)
  object space 437760K, 99% used [0x00000006c0a00000,0x00000006db57ed70,0x00000006db580000)
 Metaspace       used 117986K, capacity 123014K, committed 123288K, reserved 1157120K
  class space    used 13570K, capacity 15008K, committed 15024K, reserved 1048576K
}
Event: 4918.164 GC heap before
{Heap before GC invocations=79 (full 42):
 PSYoungGen      total 1105408K, used 955455K [0x000000076ae00000, 0x00000007b5600000, 0x00000007c0000000)
  eden space 1089536K, 87% used [0x000000076ae00000,0x00000007a530feb8,0x00000007ad600000)
  from space 15872K, 0% used [0x00000007ad600000,0x00000007ad600000,0x00000007ae580000)
  to   space 65536K, 0% used [0x00000007b1600000,0x00000007b1600000,0x00000007b5600000)
 ParOldGen       total 437760K, used 437755K [0x00000006c0a00000, 0x00000006db580000, 0x000000076ae00000)
  object space 437760K, 99% used [0x00000006c0a00000,0x00000006db57ed70,0x00000006db580000)
 Metaspace       used 118921K, capacity 123952K, committed 124312K, reserved 1159168K
  class space    used 13692K, capacity 15148K, committed 15280K, reserved 1048576K
Event: 4920.706 GC heap after
Heap after GC invocations=79 (full 42):
 PSYoungGen      total 1105408K, used 15497K [0x000000076ae00000, 0x00000007b5600000, 0x00000007c0000000)
  eden space 1089536K, 1% used [0x000000076ae00000,0x000000076bd225c8,0x00000007ad600000)
  from space 15872K, 0% used [0x00000007ad600000,0x00000007ad600000,0x00000007ae580000)
  to   space 65536K, 0% used [0x00000007b1600000,0x00000007b1600000,0x00000007b5600000)
 ParOldGen       total 437760K, used 437483K [0x00000006c0a00000, 0x00000006db580000, 0x000000076ae00000)
  object space 437760K, 99% used [0x00000006c0a00000,0x00000006db53aff0,0x00000006db580000)
 Metaspace       used 118917K, capacity 123946K, committed 124312K, reserved 1159168K
  class space    used 13692K, capacity 15147K, committed 15280K, reserved 1048576K
}
Event: 4945.894 GC heap before
{Heap before GC invocations=80 (full 43):
 PSYoungGen      total 1105408K, used 922269K [0x000000076ae00000, 0x00000007b5600000, 0x00000007c0000000)
  eden space 1089536K, 84% used [0x000000076ae00000,0x00000007a32a7620,0x00000007ad600000)
  from space 15872K, 0% used [0x00000007ad600000,0x00000007ad600000,0x00000007ae580000)
  to   space 65536K, 0% used [0x00000007b1600000,0x00000007b1600000,0x00000007b5600000)
 ParOldGen       total 437760K, used 437483K [0x00000006c0a00000, 0x00000006db580000, 0x000000076ae00000)
  object space 437760K, 99% used [0x00000006c0a00000,0x00000006db53aff0,0x00000006db580000)
 Metaspace       used 119865K, capacity 124948K, committed 125208K, reserved 1159168K
  class space    used 13814K, capacity 15287K, committed 15408K, reserved 1048576K
Event: 4947.884 GC heap after
Heap after GC invocations=80 (full 43):
 PSYoungGen      total 1105408K, used 25669K [0x000000076ae00000, 0x00000007b5600000, 0x00000007c0000000)
  eden space 1089536K, 2% used [0x000000076ae00000,0x000000076c711548,0x00000007ad600000)
  from space 15872K, 0% used [0x00000007ad600000,0x00000007ad600000,0x00000007ae580000)
  to   space 65536K, 0% used [0x00000007b1600000,0x00000007b1600000,0x00000007b5600000)
 ParOldGen       total 437760K, used 437464K [0x00000006c0a00000, 0x00000006db580000, 0x000000076ae00000)
  object space 437760K, 99% used [0x00000006c0a00000,0x00000006db5362e8,0x00000006db580000)
 Metaspace       used 119862K, capacity 124942K, committed 125208K, reserved 1159168K
  class space    used 13813K, capacity 15286K, committed 15408K, reserved 1048576K
}

